c:\users\15590\desktop\mujslib\mujsdll\release\vc143.pdb
c:\users\15590\desktop\mujslib\mujsdll\release\jsrepr.obj
c:\users\15590\desktop\mujslib\mujsdll\release\jsregexp.obj
c:\users\15590\desktop\mujslib\mujsdll\release\jsproperty.obj
c:\users\15590\desktop\mujslib\mujsdll\release\jsparse.obj
c:\users\15590\desktop\mujslib\mujsdll\release\json.obj
c:\users\15590\desktop\mujslib\mujsdll\release\jsobject.obj
c:\users\15590\desktop\mujslib\mujsdll\release\jsnumber.obj
c:\users\15590\desktop\mujslib\mujsdll\release\jsmath.obj
c:\users\15590\desktop\mujslib\mujsdll\release\jslex.obj
c:\users\15590\desktop\mujslib\mujsdll\release\jsintern.obj
c:\users\15590\desktop\mujslib\mujsdll\release\jsgc.obj
c:\users\15590\desktop\mujslib\mujsdll\release\jsfunction.obj
c:\users\15590\desktop\mujslib\mujsdll\release\jserror.obj
c:\users\15590\desktop\mujslib\mujsdll\release\jsdump.obj
c:\users\15590\desktop\mujslib\mujsdll\release\jsdtoa.obj
c:\users\15590\desktop\mujslib\mujsdll\release\jsdate.obj
c:\users\15590\desktop\mujslib\mujsdll\release\jscompile.obj
c:\users\15590\desktop\mujslib\mujsdll\release\jsbuiltin.obj
c:\users\15590\desktop\mujslib\mujsdll\release\jsboolean.obj
c:\users\15590\desktop\mujslib\mujsdll\release\jsarray.obj
c:\users\15590\desktop\mujslib\mujsdll\release\utf.obj
c:\users\15590\desktop\mujslib\mujsdll\release\regexp.obj
c:\users\15590\desktop\mujslib\mujsdll\release\jsvalue.obj
c:\users\15590\desktop\mujslib\mujsdll\release\jsstring.obj
c:\users\15590\desktop\mujslib\mujsdll\release\jsstate.obj
c:\users\15590\desktop\mujslib\mujsdll\release\jsrun.obj
c:\users\15590\desktop\mujslib\mujsdll\release\mujsdll.pch
c:\users\15590\desktop\mujslib\mujsdll\release\pch.obj
c:\users\15590\desktop\mujslib\mujsdll\release\dllmain.obj
c:\users\15590\desktop\mujslib\release\mujsdll.dll
c:\users\15590\desktop\mujslib\mujsdll\release\mujsdll.ipdb
c:\users\15590\desktop\mujslib\mujsdll\release\mujsdll.iobj
c:\users\15590\desktop\mujslib\release\mujsdll.pdb
c:\users\15590\desktop\mujslib\release\mujsdll.lib
c:\users\15590\desktop\mujslib\release\mujsdll.exp
c:\users\15590\desktop\mujslib\mujsdll\release\mujsdll.tlog\cl.command.1.tlog
c:\users\15590\desktop\mujslib\mujsdll\release\mujsdll.tlog\cl.read.1.tlog
c:\users\15590\desktop\mujslib\mujsdll\release\mujsdll.tlog\cl.write.1.tlog
c:\users\15590\desktop\mujslib\mujsdll\release\mujsdll.tlog\link.command.1.tlog
c:\users\15590\desktop\mujslib\mujsdll\release\mujsdll.tlog\link.read.1.tlog
c:\users\15590\desktop\mujslib\mujsdll\release\mujsdll.tlog\link.write.1.tlog
c:\users\15590\desktop\mujslib\mujsdll\release\mujsdll.tlog\mujsdll.write.1u.tlog
