C:\Program Files\Microsoft Visual Studio\2022\Community\MSBuild\Microsoft\VC\v170\Microsoft.CppBuild.targets(514,5): warning MSB8028: 中间目录(Release\)包含从另一个项目(mujslib.vcxproj)共享的文件。   这会导致错误的清除和重新生成行为。
  fuckmujs.cpp
  jsarray.c
  jsboolean.c
  jsbuiltin.c
  jscompile.c
  jsdate.c
  jsdtoa.c
  jsdump.c
  jserror.c
  jsfunction.c
  jsgc.c
  jsintern.c
  jslex.c
  jsmath.c
  jsnumber.c
  jsobject.c
  json.c
  jsparse.c
  jsproperty.c
  jsregexp.c
  jsrepr.c
  正在编译...
  jsrun.c
  jsstate.c
  jsstring.c
  jsvalue.c
  regexp.c
  utf.c
  正在生成代码
  Previous IPDB not found, fall back to full compilation.
  All 716 functions were compiled because no usable IPDB/IOBJ from previous compilation was found.
  已完成代码的生成
  mujslib.vcxproj -> C:\Users\15590\Desktop\mujslib\Release\mujstest.exe
